<?xml version="1.0" encoding="UTF-8"?>
<!-- Generated by org.testng.reporters.JUnitReportReporter -->
<testsuite hostname="SuviPC" failures="0" tests="1" name="com.ShopperStack_testScripts.TC_001_Verify_user_is_able_to_add_address_or_not_Test" time="25.598" errors="0" timestamp="2024-09-06T13:45:44 IST" skipped="0">
  <testcase classname="com.ShopperStack_testScripts.TC_001_Verify_user_is_able_to_add_address_or_not_Test" name="addAddresses" time="25.598"/>
</testsuite> <!-- com.ShopperStack_testScripts.TC_001_Verify_user_is_able_to_add_address_or_not_Test -->
