<?xml version="1.0" encoding="UTF-8"?>
<!-- Generated by org.testng.reporters.JUnitReportReporter -->
<testsuite hostname="SuviPC" failures="0" tests="1" name="com.ShopperStack_testScripts.TC_002_Verify_user_is_able_to_delete_address_or_not_Test" time="39.376" errors="0" timestamp="2024-09-10T13:30:55 IST" skipped="0">
  <testcase classname="com.ShopperStack_testScripts.TC_002_Verify_user_is_able_to_delete_address_or_not_Test" name="deleteAddress" time="39.376"/>
</testsuite> <!-- com.ShopperStack_testScripts.TC_002_Verify_user_is_able_to_delete_address_or_not_Test -->
